# JRE version: Java(TM) SE Runtime Environment (8.0_231-b11) (build 1.8.0_231-b11)
# Java VM: Java HotSpot(TM) 64-Bit Server VM (25.231-b11 mixed mode windows-amd64 compressed oops)
Heap:
 PSYoungGen      total 76288K, used 17494K [0x00000000f5580000, 0x00000000fc180000, 0x0000000100000000)
  eden space 65536K, 10% used [0x00000000f5580000,0x00000000f5c625e0,0x00000000f9580000)
  from space 10752K, 97% used [0x00000000f9580000,0x00000000f9fb33f0,0x00000000fa000000)
  to   space 10752K, 0% used [0x00000000fa000000,0x00000000fa000000,0x00000000faa80000)
 ParOldGen       total 175104K, used 10793K [0x00000000e0000000, 0x00000000eab00000, 0x00000000f5580000)
  object space 175104K, 6% used [0x00000000e0000000,0x00000000e0a8a738,0x00000000eab00000)
 Metaspace       used 31594K, capacity 32118K, committed 32384K, reserved 1077248K
  class space    used 4434K, capacity 4661K, committed 4736K, reserved 1048576K
GC Heap History (10 events):
Event: 13.176 GC heap before
{Heap before GC invocations=2 (full 0):
 PSYoungGen      total 76288K, used 71813K [0x00000000f5580000, 0x00000000faa80000, 0x0000000100000000)
  eden space 65536K, 100% used [0x00000000f5580000,0x00000000f9580000,0x00000000f9580000)
  from space 10752K, 58% used [0x00000000f9580000,0x00000000f9ba1530,0x00000000fa000000)
  to   space 10752K, 0% used [0x00000000fa000000,0x00000000fa000000,0x00000000faa80000)
 ParOldGen       total 175104K, used 8K [0x00000000e0000000, 0x00000000eab00000, 0x00000000f5580000)
  object space 175104K, 0% used [0x00000000e0000000,0x00000000e0002000,0x00000000eab00000)
 Metaspace       used 15094K, capacity 15424K, committed 15744K, reserved 1062912K
  class space    used 2196K, capacity 2362K, committed 2432K, reserved 1048576K
Event: 13.199 GC heap after
Heap after GC invocations=2 (full 0):
 PSYoungGen      total 76288K, used 10040K [0x00000000f5580000, 0x00000000faa80000, 0x0000000100000000)
  eden space 65536K, 0% used [0x00000000f5580000,0x00000000f5580000,0x00000000f9580000)
  from space 10752K, 93% used [0x00000000fa000000,0x00000000fa9ce030,0x00000000faa80000)
  to   space 10752K, 0% used [0x00000000f9580000,0x00000000f9580000,0x00000000fa000000)
 ParOldGen       total 175104K, used 16K [0x00000000e0000000, 0x00000000eab00000, 0x00000000f5580000)
  object space 175104K, 0% used [0x00000000e0000000,0x00000000e0004000,0x00000000eab00000)
 Metaspace       used 15094K, capacity 15424K, committed 15744K, reserved 1062912K
  class space    used 2196K, capacity 2362K, committed 2432K, reserved 1048576K
}
Event: 15.293 GC heap before
{Heap before GC invocations=3 (full 0):
 PSYoungGen      total 76288K, used 61998K [0x00000000f5580000, 0x00000000faa80000, 0x0000000100000000)
  eden space 65536K, 79% used [0x00000000f5580000,0x00000000f883db68,0x00000000f9580000)
  from space 10752K, 93% used [0x00000000fa000000,0x00000000fa9ce030,0x00000000faa80000)
  to   space 10752K, 0% used [0x00000000f9580000,0x00000000f9580000,0x00000000fa000000)
 ParOldGen       total 175104K, used 16K [0x00000000e0000000, 0x00000000eab00000, 0x00000000f5580000)
  object space 175104K, 0% used [0x00000000e0000000,0x00000000e0004000,0x00000000eab00000)
 Metaspace       used 20795K, capacity 21128K, committed 21248K, reserved 1067008K
  class space    used 2948K, capacity 3068K, committed 3072K, reserved 1048576K
Event: 15.312 GC heap after
Heap after GC invocations=3 (full 0):
 PSYoungGen      total 76288K, used 10733K [0x00000000f5580000, 0x00000000faa80000, 0x0000000100000000)
  eden space 65536K, 0% used [0x00000000f5580000,0x00000000f5580000,0x00000000f9580000)
  from space 10752K, 99% used [0x00000000f9580000,0x00000000f9ffb748,0x00000000fa000000)
  to   space 10752K, 0% used [0x00000000fa000000,0x00000000fa000000,0x00000000faa80000)
 ParOldGen       total 175104K, used 344K [0x00000000e0000000, 0x00000000eab00000, 0x00000000f5580000)
  object space 175104K, 0% used [0x00000000e0000000,0x00000000e0056258,0x00000000eab00000)
 Metaspace       used 20795K, capacity 21128K, committed 21248K, reserved 1067008K
  class space    used 2948K, capacity 3068K, committed 3072K, reserved 1048576K
}
Event: 15.312 GC heap before
{Heap before GC invocations=4 (full 1):
 PSYoungGen      total 76288K, used 10733K [0x00000000f5580000, 0x00000000faa80000, 0x0000000100000000)
  eden space 65536K, 0% used [0x00000000f5580000,0x00000000f5580000,0x00000000f9580000)
  from space 10752K, 99% used [0x00000000f9580000,0x00000000f9ffb748,0x00000000fa000000)
  to   space 10752K, 0% used [0x00000000fa000000,0x00000000fa000000,0x00000000faa80000)
 ParOldGen       total 175104K, used 344K [0x00000000e0000000, 0x00000000eab00000, 0x00000000f5580000)
  object space 175104K, 0% used [0x00000000e0000000,0x00000000e0056258,0x00000000eab00000)
 Metaspace       used 20795K, capacity 21128K, committed 21248K, reserved 1067008K
  class space    used 2948K, capacity 3068K, committed 3072K, reserved 1048576K
Event: 15.441 GC heap after
Heap after GC invocations=4 (full 1):
 PSYoungGen      total 76288K, used 0K [0x00000000f5580000, 0x00000000faa80000, 0x0000000100000000)
  eden space 65536K, 0% used [0x00000000f5580000,0x00000000f5580000,0x00000000f9580000)
  from space 10752K, 0% used [0x00000000f9580000,0x00000000f9580000,0x00000000fa000000)
  to   space 10752K, 0% used [0x00000000fa000000,0x00000000fa000000,0x00000000faa80000)
 ParOldGen       total 175104K, used 10777K [0x00000000e0000000, 0x00000000eab00000, 0x00000000f5580000)
  object space 175104K, 6% used [0x00000000e0000000,0x00000000e0a86738,0x00000000eab00000)
 Metaspace       used 20795K, capacity 21128K, committed 21248K, reserved 1067008K
  class space    used 2948K, capacity 3068K, committed 3072K, reserved 1048576K
}
Event: 26.999 GC heap before
{Heap before GC invocations=5 (full 1):
 PSYoungGen      total 76288K, used 65536K [0x00000000f5580000, 0x00000000faa80000, 0x0000000100000000)
  eden space 65536K, 100% used [0x00000000f5580000,0x00000000f9580000,0x00000000f9580000)
  from space 10752K, 0% used [0x00000000f9580000,0x00000000f9580000,0x00000000fa000000)
  to   space 10752K, 0% used [0x00000000fa000000,0x00000000fa000000,0x00000000faa80000)
 ParOldGen       total 175104K, used 10777K [0x00000000e0000000, 0x00000000eab00000, 0x00000000f5580000)
  object space 175104K, 6% used [0x00000000e0000000,0x00000000e0a86738,0x00000000eab00000)
 Metaspace       used 27683K, capacity 28106K, committed 28288K, reserved 1073152K
  class space    used 3765K, capacity 3944K, committed 3968K, reserved 1048576K
Event: 27.021 GC heap after
Heap after GC invocations=5 (full 1):
 PSYoungGen      total 76288K, used 8174K [0x00000000f5580000, 0x00000000fc180000, 0x0000000100000000)
  eden space 65536K, 0% used [0x00000000f5580000,0x00000000f5580000,0x00000000f9580000)
  from space 10752K, 76% used [0x00000000fa000000,0x00000000fa7fbb80,0x00000000faa80000)
  to   space 10752K, 0% used [0x00000000f9580000,0x00000000f9580000,0x00000000fa000000)
 ParOldGen       total 175104K, used 10785K [0x00000000e0000000, 0x00000000eab00000, 0x00000000f5580000)
  object space 175104K, 6% used [0x00000000e0000000,0x00000000e0a88738,0x00000000eab00000)
 Metaspace       used 27683K, capacity 28106K, committed 28288K, reserved 1073152K
  class space    used 3765K, capacity 3944K, committed 3968K, reserved 1048576K
}
Event: 28.946 GC heap before
{Heap before GC invocations=6 (full 1):
 PSYoungGen      total 76288K, used 73710K [0x00000000f5580000, 0x00000000fc180000, 0x0000000100000000)
  eden space 65536K, 100% used [0x00000000f5580000,0x00000000f9580000,0x00000000f9580000)
  from space 10752K, 76% used [0x00000000fa000000,0x00000000fa7fbb80,0x00000000faa80000)
  to   space 10752K, 0% used [0x00000000f9580000,0x00000000f9580000,0x00000000fa000000)
 ParOldGen       total 175104K, used 10785K [0x00000000e0000000, 0x00000000eab00000, 0x00000000f5580000)
  object space 175104K, 6% used [0x00000000e0000000,0x00000000e0a88738,0x00000000eab00000)
 Metaspace       used 31245K, capacity 31798K, committed 32000K, reserved 1077248K
  class space    used 4364K, capacity 4597K, committed 4608K, reserved 1048576K
Event: 28.961 GC heap after
Heap after GC invocations=6 (full 1):
 PSYoungGen      total 76288K, used 10444K [0x00000000f5580000, 0x00000000fc180000, 0x0000000100000000)
  eden space 65536K, 0% used [0x00000000f5580000,0x00000000f5580000,0x00000000f9580000)
  from space 10752K, 97% used [0x00000000f9580000,0x00000000f9fb33f0,0x00000000fa000000)
  to   space 10752K, 0% used [0x00000000fa000000,0x00000000fa000000,0x00000000faa80000)
 ParOldGen       total 175104K, used 10793K [0x00000000e0000000, 0x00000000eab00000, 0x00000000f5580000)
  object space 175104K, 6% used [0x00000000e0000000,0x00000000e0a8a738,0x00000000eab00000)
 Metaspace       used 31245K, capacity 31798K, committed 32000K, reserved 1077248K
  class space    used 4364K, capacity 4597K, committed 4608K, reserved 1048576K
}

